%!Adobe-FontList 1.24
%Locale:0x40c

%BeginFont
Handler:DirectoryHandler
FontType:Invalid
OutlineFileName:C:\Users\saraq\OneDrive\Documents\site_web\site_web\Font\fungal\FungalVF.woff
FileModTime:1729366233
%EndFont

%BeginFont
Handler:DirectoryHandler
FontType:Invalid
OutlineFileName:C:\Users\saraq\OneDrive\Documents\site_web\site_web\Font\fungal\FungalVF.woff2
FileModTime:1729366233
%EndFont

%BeginFont
Handler:DirectoryHandler
FontType:Invalid
OutlineFileName:C:\Users\saraq\OneDrive\Documents\site_web\site_web\Font\sixtyhour\Sixtyfour.woff2
FileModTime:1729366233
%EndFont

%BeginFont
Handler:DirectoryHandler
FontType:TrueType
FontName:Sixtyfour-Regular
FamilyName:Sixtyfour
StyleName:Regular
FullName:Sixtyfour Regular
MenuName:Sixtyfour
FamilyPrefix:SixtyfourRegular
StyleBits:0
WritingScript:Roman
OutlineFileName:C:\Users\saraq\OneDrive\Documents\site_web\site_web\Font\sixtyhour\Sixtyfour[BLED,SCAN].ttf
DataFormat:sfntData
hasSVG:no
hasCOLR:no
VariableFontType:TrueTypeVariableFont
FileLength:71536
FileModTime:1729366233
WeightClass:400
WidthClass:5
AngleClass:0
NameArray:0,Win,1,Sixtyfour
%EndFont

%BeginFont
Handler:DirectoryHandler
FontType:Invalid
OutlineFileName:C:\Users\saraq\OneDrive\Documents\site_web\site_web\Font\sixtyhour\styles.css
FileModTime:1729366233
%EndFont

